1679930541716	geckodriver	INFO	Listening on 127.0.0.1:63608
1679930544785	mozrunner::runner	INFO	Running command: "C:\\Program Files\\Mozilla Firefox\\firefox.exe" "--marionette" "--user-data-dir=D:/Testing-Project" "-head ... "--remote-allow-hosts" "localhost" "-no-remote" "-profile" "C:\\Users\\COMPUT~1\\AppData\\Local\\Temp\\rust_mozprofileN6GkT5"
*** You are running in headless mode.
console.warn: services.settings: Ignoring preference override of remote settings server
console.warn: services.settings: Allow by setting MOZ_REMOTE_SETTINGS_DEVTOOLS=1 in the environment
1679930545030	Marionette	INFO	Marionette enabled
Dynamically enable window occlusion 0
1679930545034	Marionette	INFO	Listening on port 63617
console.error: "Warning: unrecognized command line flag -user-data-dir\n"
WebDriver BiDi listening on ws://127.0.0.1:63609
Read port: 63617
1679930545254	RemoteAgent	WARN	TLS certificate errors will be ignored for this session
[GFX1-]: RenderCompositorSWGL failed mapping default framebuffer, no dt
console.warn: SearchSettings: "get: No settings file exists, new profile?" (new NotFoundError("Could not open the file at C:\\Users\\COMPUT~1\\AppData\\Local\\Temp\\rust_mozprofileN6GkT5\\search.json.mozlz4", (void 0)))
console.error: ({})
DevTools listening on ws://127.0.0.1:63609/devtools/browser/acc0fe06-c965-4dd9-8d05-ada6042a6d46
JavaScript warning: https://automationexercise.com/static/js/jquery.js, line 2: Using //@ to indicate sourceMappingURL pragmas is deprecated. Use //# instead
JavaScript warning: https://pagead2.googlesyndication.com/bg/TU2PSynrXT7p2KnzXte8fEgQWf4_RAVzpVc0SCm-B08.js line 2 > eval line 7363 > eval line 1 > eval line 1 > eval, line 1: WEBGL_debug_renderer_info is deprecated in Firefox and will be removed. Please use RENDERER.
JavaScript warning: https://pagead2.googlesyndication.com/bg/TU2PSynrXT7p2KnzXte8fEgQWf4_RAVzpVc0SCm-B08.js line 2 > eval line 6395 > eval line 1 > eval line 1 > eval, line 1: WEBGL_debug_renderer_info is deprecated in Firefox and will be removed. Please use RENDERER.
JavaScript warning: https://pagead2.googlesyndication.com/bg/TU2PSynrXT7p2KnzXte8fEgQWf4_RAVzpVc0SCm-B08.js line 2 > eval line 5409 > eval line 1 > eval line 1 > eval, line 1: WEBGL_debug_renderer_info is deprecated in Firefox and will be removed. Please use RENDERER.
1679930692956	geckodriver	INFO	Listening on 127.0.0.1:63726
1679930811592	geckodriver	INFO	Listening on 127.0.0.1:63756
1679930814645	mozrunner::runner	INFO	Running command: "C:\\Program Files\\Mozilla Firefox\\firefox.exe" "--marionette" "--user-data-dir=D:/Selenium Projects" "-he ... "--remote-allow-hosts" "localhost" "-no-remote" "-profile" "C:\\Users\\COMPUT~1\\AppData\\Local\\Temp\\rust_mozprofilejkfkFo"
*** You are running in headless mode.
console.warn: services.settings: Ignoring preference override of remote settings server
console.warn: services.settings: Allow by setting MOZ_REMOTE_SETTINGS_DEVTOOLS=1 in the environment
1679930814871	Marionette	INFO	Marionette enabled
Dynamically enable window occlusion 0
1679930814874	Marionette	INFO	Listening on port 63766
console.error: "Warning: unrecognized command line flag -user-data-dir\n"
WebDriver BiDi listening on ws://127.0.0.1:63757
Read port: 63766
1679930815471	RemoteAgent	WARN	TLS certificate errors will be ignored for this session
[GFX1-]: RenderCompositorSWGL failed mapping default framebuffer, no dt
console.warn: SearchSettings: "get: No settings file exists, new profile?" (new NotFoundError("Could not open the file at C:\\Users\\COMPUT~1\\AppData\\Local\\Temp\\rust_mozprofilejkfkFo\\search.json.mozlz4", (void 0)))
console.error: ({})
DevTools listening on ws://127.0.0.1:63757/devtools/browser/ec054860-7f44-4ece-80c2-7e2c0fdb6152
console.error: (new TypeError("this._searchProviderInfo is null", "resource:///modules/SearchSERPTelemetry.sys.mjs", 468))
JavaScript warning: https://automationexercise.com/static/js/jquery.js, line 2: Using //@ to indicate sourceMappingURL pragmas is deprecated. Use //# instead
JavaScript warning: https://automationexercise.com/static/js/jquery.js, line 2: Using //@ to indicate sourceMappingURL pragmas is deprecated. Use //# instead
JavaScript error: , line 0: TypeError: NetworkError when attempting to fetch resource.
JavaScript warning: https://pagead2.googlesyndication.com/bg/TU2PSynrXT7p2KnzXte8fEgQWf4_RAVzpVc0SCm-B08.js line 2 > eval line 84 > eval line 1 > eval line 1 > eval, line 1: WEBGL_debug_renderer_info is deprecated in Firefox and will be removed. Please use RENDERER.
JavaScript warning: https://pagead2.googlesyndication.com/bg/TU2PSynrXT7p2KnzXte8fEgQWf4_RAVzpVc0SCm-B08.js line 2 > eval line 1392 > eval line 1 > eval line 1 > eval, line 1: WEBGL_debug_renderer_info is deprecated in Firefox and will be removed. Please use RENDERER.
JavaScript warning: https://pagead2.googlesyndication.com/bg/TU2PSynrXT7p2KnzXte8fEgQWf4_RAVzpVc0SCm-B08.js line 2 > eval line 4147 > eval line 1 > eval line 1 > eval, line 1: WEBGL_debug_renderer_info is deprecated in Firefox and will be removed. Please use RENDERER.
