1680623477110	geckodriver	INFO	Listening on 127.0.0.1:56297
1680623480162	mozrunner::runner	INFO	Running command: "C:\\Program Files\\Mozilla Firefox\\firefox.exe" "--marionette" "--remote-debugging-port" "56298" "--remote-allow-hosts" "localhost" "-no-remote" "-profile" "C:\\Users\\COMPUT~1\\AppData\\Local\\Temp\\rust_mozprofile3aENrK"
console.warn: services.settings: Ignoring preference override of remote settings server
console.warn: services.settings: Allow by setting MOZ_REMOTE_SETTINGS_DEVTOOLS=1 in the environment
1680623480374	Marionette	INFO	Marionette enabled
Dynamically enable window occlusion 0
1680623480377	Marionette	INFO	Listening on port 56306
WebDriver BiDi listening on ws://127.0.0.1:56298
Read port: 56306
1680623480553	RemoteAgent	WARN	TLS certificate errors will be ignored for this session
console.warn: SearchSettings: "get: No settings file exists, new profile?" (new NotFoundError("Could not open the file at C:\\Users\\COMPUT~1\\AppData\\Local\\Temp\\rust_mozprofile3aENrK\\search.json.mozlz4", (void 0)))
DevTools listening on ws://127.0.0.1:56298/devtools/browser/2d5819b0-b0ef-4f95-8801-1dcedb1679d2
Port.onMessage event fired while context is inactive.
JavaScript warning: https://automationexercise.com/static/js/jquery.js, line 2: Using //@ to indicate sourceMappingURL pragmas is deprecated. Use //# instead
JavaScript warning: https://automationexercise.com/static/js/jquery.js, line 2: Using //@ to indicate sourceMappingURL pragmas is deprecated. Use //# instead
console.warn: LoginRecipes: "Falling back to a synchronous message for: https://automationexercise.com."
console.warn: LoginRecipes: "Falling back to a synchronous message for: https://automationexercise.com."
JavaScript warning: https://automationexercise.com/static/js/jquery.js, line 2: Using //@ to indicate sourceMappingURL pragmas is deprecated. Use //# instead
JavaScript warning: https://automationexercise.com/static/js/jquery.js, line 2: Using //@ to indicate sourceMappingURL pragmas is deprecated. Use //# instead
console.warn: LoginRecipes: "Falling back to a synchronous message for: https://automationexercise.com."
1680623512082	Marionette	INFO	Stopped listening on port 56306
Dynamically enable window occlusion 1
1680623726404	geckodriver	INFO	Listening on 127.0.0.1:56383
1680623729453	mozrunner::runner	INFO	Running command: "C:\\Program Files\\Mozilla Firefox\\firefox.exe" "--marionette" "--remote-debugging-port" "56384" "--remote-allow-hosts" "localhost" "-no-remote" "-profile" "C:\\Users\\COMPUT~1\\AppData\\Local\\Temp\\rust_mozprofilel6DNcW"
console.warn: services.settings: Ignoring preference override of remote settings server
console.warn: services.settings: Allow by setting MOZ_REMOTE_SETTINGS_DEVTOOLS=1 in the environment
1680623729682	Marionette	INFO	Marionette enabled
Dynamically enable window occlusion 0
1680623729685	Marionette	INFO	Listening on port 56394
WebDriver BiDi listening on ws://127.0.0.1:56384
Read port: 56394
1680623729863	RemoteAgent	WARN	TLS certificate errors will be ignored for this session
console.warn: SearchSettings: "get: No settings file exists, new profile?" (new NotFoundError("Could not open the file at C:\\Users\\COMPUT~1\\AppData\\Local\\Temp\\rust_mozprofilel6DNcW\\search.json.mozlz4", (void 0)))
DevTools listening on ws://127.0.0.1:56384/devtools/browser/fc408698-0602-45fa-aa35-5bf107d0b0bd
Port.onMessage event fired while context is inactive.
JavaScript warning: https://automationexercise.com/static/js/jquery.js, line 2: Using //@ to indicate sourceMappingURL pragmas is deprecated. Use //# instead
JavaScript warning: https://automationexercise.com/static/js/jquery.js, line 2: Using //@ to indicate sourceMappingURL pragmas is deprecated. Use //# instead
console.warn: LoginRecipes: "Falling back to a synchronous message for: https://automationexercise.com."
console.warn: LoginRecipes: "Falling back to a synchronous message for: https://automationexercise.com."
JavaScript warning: https://automationexercise.com/static/js/jquery.js, line 2: Using //@ to indicate sourceMappingURL pragmas is deprecated. Use //# instead
JavaScript warning: https://automationexercise.com/static/js/jquery.js, line 2: Using //@ to indicate sourceMappingURL pragmas is deprecated. Use //# instead
console.warn: LoginRecipes: "Falling back to a synchronous message for: https://automationexercise.com."
1680623751580	Marionette	INFO	Stopped listening on port 56394
Dynamically enable window occlusion 1
1680624414515	geckodriver	INFO	Listening on 127.0.0.1:56566
1680624417547	mozrunner::runner	INFO	Running command: "C:\\Program Files\\Mozilla Firefox\\firefox.exe" "--marionette" "--remote-debugging-port" "56567" "--remote-allow-hosts" "localhost" "-no-remote" "-profile" "C:\\Users\\COMPUT~1\\AppData\\Local\\Temp\\rust_mozprofileD3iJ0m"
console.warn: services.settings: Ignoring preference override of remote settings server
console.warn: services.settings: Allow by setting MOZ_REMOTE_SETTINGS_DEVTOOLS=1 in the environment
1680624417764	Marionette	INFO	Marionette enabled
Dynamically enable window occlusion 0
1680624417767	Marionette	INFO	Listening on port 56575
WebDriver BiDi listening on ws://127.0.0.1:56567
Read port: 56575
1680624417951	RemoteAgent	WARN	TLS certificate errors will be ignored for this session
console.warn: SearchSettings: "get: No settings file exists, new profile?" (new NotFoundError("Could not open the file at C:\\Users\\COMPUT~1\\AppData\\Local\\Temp\\rust_mozprofileD3iJ0m\\search.json.mozlz4", (void 0)))
DevTools listening on ws://127.0.0.1:56567/devtools/browser/bae3e2b2-cc42-44fd-b70f-4ffc42fea620
1680624427867	Marionette	INFO	Stopped listening on port 56575
Dynamically enable window occlusion 1
1680624567735	geckodriver	INFO	Listening on 127.0.0.1:56626
1680624570759	mozrunner::runner	INFO	Running command: "C:\\Program Files\\Mozilla Firefox\\firefox.exe" "--marionette" "--remote-debugging-port" "56627" "--remote-allow-hosts" "localhost" "-no-remote" "-profile" "C:\\Users\\COMPUT~1\\AppData\\Local\\Temp\\rust_mozprofilew7Rars"
console.warn: services.settings: Ignoring preference override of remote settings server
console.warn: services.settings: Allow by setting MOZ_REMOTE_SETTINGS_DEVTOOLS=1 in the environment
1680624570975	Marionette	INFO	Marionette enabled
Dynamically enable window occlusion 0
1680624570978	Marionette	INFO	Listening on port 56635
WebDriver BiDi listening on ws://127.0.0.1:56627
Read port: 56635
1680624571160	RemoteAgent	WARN	TLS certificate errors will be ignored for this session
console.warn: SearchSettings: "get: No settings file exists, new profile?" (new NotFoundError("Could not open the file at C:\\Users\\COMPUT~1\\AppData\\Local\\Temp\\rust_mozprofilew7Rars\\search.json.mozlz4", (void 0)))
DevTools listening on ws://127.0.0.1:56627/devtools/browser/a9c86f06-0227-4cf8-bf51-d290b6a47bc3
Port.onMessage event fired while context is inactive.
JavaScript warning: https://automationexercise.com/static/js/jquery.js, line 2: Using //@ to indicate sourceMappingURL pragmas is deprecated. Use //# instead
JavaScript warning: https://automationexercise.com/static/js/jquery.js, line 2: Using //@ to indicate sourceMappingURL pragmas is deprecated. Use //# instead
console.warn: LoginRecipes: "Falling back to a synchronous message for: https://automationexercise.com."
console.warn: LoginRecipes: "Falling back to a synchronous message for: https://automationexercise.com."
JavaScript warning: https://automationexercise.com/static/js/jquery.js, line 2: Using //@ to indicate sourceMappingURL pragmas is deprecated. Use //# instead
JavaScript warning: https://automationexercise.com/static/js/jquery.js, line 2: Using //@ to indicate sourceMappingURL pragmas is deprecated. Use //# instead
console.warn: LoginRecipes: "Falling back to a synchronous message for: https://automationexercise.com."
1680624632024	Marionette	INFO	Stopped listening on port 56635
Dynamically enable window occlusion 1
1680624634413	geckodriver	INFO	Listening on 127.0.0.1:56688
1680624637442	mozrunner::runner	INFO	Running command: "C:\\Program Files\\Mozilla Firefox\\firefox.exe" "--marionette" "--remote-debugging-port" "56689" "--remote-allow-hosts" "localhost" "-no-remote" "-profile" "C:\\Users\\COMPUT~1\\AppData\\Local\\Temp\\rust_mozprofileYwgz3z"
console.warn: services.settings: Ignoring preference override of remote settings server
console.warn: services.settings: Allow by setting MOZ_REMOTE_SETTINGS_DEVTOOLS=1 in the environment
1680624637666	Marionette	INFO	Marionette enabled
Dynamically enable window occlusion 0
1680624637669	Marionette	INFO	Listening on port 56697
WebDriver BiDi listening on ws://127.0.0.1:56689
Read port: 56697
1680624637858	RemoteAgent	WARN	TLS certificate errors will be ignored for this session
console.warn: SearchSettings: "get: No settings file exists, new profile?" (new NotFoundError("Could not open the file at C:\\Users\\COMPUT~1\\AppData\\Local\\Temp\\rust_mozprofileYwgz3z\\search.json.mozlz4", (void 0)))
DevTools listening on ws://127.0.0.1:56689/devtools/browser/6bd8e5da-1db0-4b81-8ef5-c6fb455dc652
Port.onMessage event fired while context is inactive.
JavaScript warning: https://automationexercise.com/static/js/jquery.js, line 2: Using //@ to indicate sourceMappingURL pragmas is deprecated. Use //# instead
JavaScript warning: https://automationexercise.com/static/js/jquery.js, line 2: Using //@ to indicate sourceMappingURL pragmas is deprecated. Use //# instead
console.warn: LoginRecipes: "Falling back to a synchronous message for: https://automationexercise.com."
console.warn: LoginRecipes: "Falling back to a synchronous message for: https://automationexercise.com."
JavaScript warning: https://automationexercise.com/static/js/jquery.js, line 2: Using //@ to indicate sourceMappingURL pragmas is deprecated. Use //# instead
JavaScript warning: https://automationexercise.com/static/js/jquery.js, line 2: Using //@ to indicate sourceMappingURL pragmas is deprecated. Use //# instead
console.warn: LoginRecipes: "Falling back to a synchronous message for: https://automationexercise.com."
1680624666424	Marionette	INFO	Stopped listening on port 56697
Dynamically enable window occlusion 1
1680627274568	geckodriver	INFO	Listening on 127.0.0.1:57035
1680627277603	mozrunner::runner	INFO	Running command: "C:\\Program Files\\Mozilla Firefox\\firefox.exe" "--marionette" "--remote-debugging-port" "57036" "--remote-allow-hosts" "localhost" "-no-remote" "-profile" "C:\\Users\\COMPUT~1\\AppData\\Local\\Temp\\rust_mozprofile0YHIFY"
console.warn: services.settings: Ignoring preference override of remote settings server
console.warn: services.settings: Allow by setting MOZ_REMOTE_SETTINGS_DEVTOOLS=1 in the environment
1680627277818	Marionette	INFO	Marionette enabled
Dynamically enable window occlusion 0
1680627277821	Marionette	INFO	Listening on port 57043
WebDriver BiDi listening on ws://127.0.0.1:57036
Read port: 57043
1680627278049	RemoteAgent	WARN	TLS certificate errors will be ignored for this session
console.warn: SearchSettings: "get: No settings file exists, new profile?" (new NotFoundError("Could not open the file at C:\\Users\\COMPUT~1\\AppData\\Local\\Temp\\rust_mozprofile0YHIFY\\search.json.mozlz4", (void 0)))
DevTools listening on ws://127.0.0.1:57036/devtools/browser/5fc7c9a2-c349-4294-a11b-975aee5a0cbe
Port.onMessage event fired while context is inactive.
JavaScript warning: https://automationexercise.com/static/js/jquery.js, line 2: Using //@ to indicate sourceMappingURL pragmas is deprecated. Use //# instead
JavaScript warning: https://automationexercise.com/static/js/jquery.js, line 2: Using //@ to indicate sourceMappingURL pragmas is deprecated. Use //# instead
console.warn: LoginRecipes: "Falling back to a synchronous message for: https://automationexercise.com."
console.warn: LoginRecipes: "Falling back to a synchronous message for: https://automationexercise.com."
JavaScript warning: https://automationexercise.com/static/js/jquery.js, line 2: Using //@ to indicate sourceMappingURL pragmas is deprecated. Use //# instead
JavaScript warning: https://automationexercise.com/static/js/jquery.js, line 2: Using //@ to indicate sourceMappingURL pragmas is deprecated. Use //# instead
console.warn: LoginRecipes: "Falling back to a synchronous message for: https://automationexercise.com."
1680627299584	Marionette	INFO	Stopped listening on port 57043
Dynamically enable window occlusion 1
1680628849132	geckodriver	INFO	Listening on 127.0.0.1:57343
1680628852155	mozrunner::runner	INFO	Running command: "C:\\Program Files\\Mozilla Firefox\\firefox.exe" "--marionette" "--remote-debugging-port" "57344" "--remote-allow-hosts" "localhost" "-no-remote" "-profile" "C:\\Users\\COMPUT~1\\AppData\\Local\\Temp\\rust_mozprofileyfWpFx"
console.warn: services.settings: Ignoring preference override of remote settings server
console.warn: services.settings: Allow by setting MOZ_REMOTE_SETTINGS_DEVTOOLS=1 in the environment
1680628852368	Marionette	INFO	Marionette enabled
Dynamically enable window occlusion 0
1680628852371	Marionette	INFO	Listening on port 57351
Read port: 57351
WebDriver BiDi listening on ws://127.0.0.1:57344
1680628852439	RemoteAgent	WARN	TLS certificate errors will be ignored for this session
console.warn: SearchSettings: "get: No settings file exists, new profile?" (new NotFoundError("Could not open the file at C:\\Users\\COMPUT~1\\AppData\\Local\\Temp\\rust_mozprofileyfWpFx\\search.json.mozlz4", (void 0)))
DevTools listening on ws://127.0.0.1:57344/devtools/browser/7c388af0-ed61-41c5-b1cb-02dca00bd806
Port.onMessage event fired while context is inactive.
JavaScript warning: https://automationexercise.com/static/js/jquery.js, line 2: Using //@ to indicate sourceMappingURL pragmas is deprecated. Use //# instead
JavaScript warning: https://automationexercise.com/static/js/jquery.js, line 2: Using //@ to indicate sourceMappingURL pragmas is deprecated. Use //# instead
console.warn: LoginRecipes: "Falling back to a synchronous message for: https://automationexercise.com."
console.warn: LoginRecipes: "Falling back to a synchronous message for: https://automationexercise.com."
JavaScript warning: https://automationexercise.com/static/js/jquery.js, line 2: Using //@ to indicate sourceMappingURL pragmas is deprecated. Use //# instead
JavaScript warning: https://automationexercise.com/static/js/jquery.js, line 2: Using //@ to indicate sourceMappingURL pragmas is deprecated. Use //# instead
1680628870925	Marionette	INFO	Stopped listening on port 57351
Dynamically enable window occlusion 1
1680630116916	geckodriver	INFO	Listening on 127.0.0.1:57681
1680630119944	mozrunner::runner	INFO	Running command: "C:\\Program Files\\Mozilla Firefox\\firefox.exe" "--marionette" "--remote-debugging-port" "57682" "--remote-allow-hosts" "localhost" "-no-remote" "-profile" "C:\\Users\\COMPUT~1\\AppData\\Local\\Temp\\rust_mozprofile4igmyO"
console.warn: services.settings: Ignoring preference override of remote settings server
console.warn: services.settings: Allow by setting MOZ_REMOTE_SETTINGS_DEVTOOLS=1 in the environment
1680630120164	Marionette	INFO	Marionette enabled
Dynamically enable window occlusion 0
1680630120167	Marionette	INFO	Listening on port 57689
WebDriver BiDi listening on ws://127.0.0.1:57682
Read port: 57689
1680630120341	RemoteAgent	WARN	TLS certificate errors will be ignored for this session
console.warn: SearchSettings: "get: No settings file exists, new profile?" (new NotFoundError("Could not open the file at C:\\Users\\COMPUT~1\\AppData\\Local\\Temp\\rust_mozprofile4igmyO\\search.json.mozlz4", (void 0)))
DevTools listening on ws://127.0.0.1:57682/devtools/browser/2fa19a20-2d51-4817-ba32-6accfd970c86
Port.onMessage event fired while context is inactive.
JavaScript warning: https://automationexercise.com/static/js/jquery.js, line 2: Using //@ to indicate sourceMappingURL pragmas is deprecated. Use //# instead
JavaScript warning: https://automationexercise.com/static/js/jquery.js, line 2: Using //@ to indicate sourceMappingURL pragmas is deprecated. Use //# instead
console.warn: LoginRecipes: "Falling back to a synchronous message for: https://automationexercise.com."
console.warn: LoginRecipes: "Falling back to a synchronous message for: https://automationexercise.com."
JavaScript warning: https://automationexercise.com/static/js/jquery.js, line 2: Using //@ to indicate sourceMappingURL pragmas is deprecated. Use //# instead
JavaScript warning: https://automationexercise.com/static/js/jquery.js, line 2: Using //@ to indicate sourceMappingURL pragmas is deprecated. Use //# instead
1680630140708	Marionette	INFO	Stopped listening on port 57689
Dynamically enable window occlusion 1
1680633914637	geckodriver	INFO	Listening on 127.0.0.1:58219
1680633917674	mozrunner::runner	INFO	Running command: "C:\\Program Files\\Mozilla Firefox\\firefox.exe" "--marionette" "--remote-debugging-port" "58220" "--remote-allow-hosts" "localhost" "-no-remote" "-profile" "C:\\Users\\COMPUT~1\\AppData\\Local\\Temp\\rust_mozprofileha2WbC"
console.warn: services.settings: Ignoring preference override of remote settings server
console.warn: services.settings: Allow by setting MOZ_REMOTE_SETTINGS_DEVTOOLS=1 in the environment
1680633917887	Marionette	INFO	Marionette enabled
Dynamically enable window occlusion 0
1680633917890	Marionette	INFO	Listening on port 58227
WebDriver BiDi listening on ws://127.0.0.1:58220
Read port: 58227
1680633918069	RemoteAgent	WARN	TLS certificate errors will be ignored for this session
console.warn: SearchSettings: "get: No settings file exists, new profile?" (new NotFoundError("Could not open the file at C:\\Users\\COMPUT~1\\AppData\\Local\\Temp\\rust_mozprofileha2WbC\\search.json.mozlz4", (void 0)))
DevTools listening on ws://127.0.0.1:58220/devtools/browser/4753abc9-8481-4a0e-8395-22d2dc3b8045
Port.onMessage event fired while context is inactive.
JavaScript warning: https://automationexercise.com/static/js/jquery.js, line 2: Using //@ to indicate sourceMappingURL pragmas is deprecated. Use //# instead
JavaScript warning: https://automationexercise.com/static/js/jquery.js, line 2: Using //@ to indicate sourceMappingURL pragmas is deprecated. Use //# instead
console.warn: LoginRecipes: "Falling back to a synchronous message for: https://automationexercise.com."
console.warn: LoginRecipes: "Falling back to a synchronous message for: https://automationexercise.com."
JavaScript warning: https://automationexercise.com/static/js/jquery.js, line 2: Using //@ to indicate sourceMappingURL pragmas is deprecated. Use //# instead
JavaScript warning: https://automationexercise.com/static/js/jquery.js, line 2: Using //@ to indicate sourceMappingURL pragmas is deprecated. Use //# instead
1680634018678	Marionette	INFO	Stopped listening on port 58221680634019458	mozrunner::runner	INFO	Running command: "C:\\Program Files\\Mozilla Firefox\\firefox.exe" "--marionette" "--remote-debugging-port" "58313" "--remote-allow-hosts" "localhost" "-no-remote" "-profile" "C:\\Users\\COMPUT~1\\AppData\\Local\\Temp\\rust_mozprofiletHoz3e"
console.warn: services.settings: Ignoring preference override of remote settings server
console.warn: services.settings: Allow by setting MOZ_REMOTE_SETTINGS_DEVTOOLS=1 in the environment
1680634019682	Marionette	INFO	Marionette enabled
Dynamically enable window occlusion 0
1680634019685	Marionette	INFO	Listening on port 58320
WebDriver BiDi listening on ws://127.0.0.1:58313
Read port: 58320
1680634019904	RemoteAgent	WARN	TLS certificate errors will be ignored for this session
console.warn: SearchSettings: "get: No settings file exists, new profile?" (new NotFoundError("Could not open the file at C:\\Users\\COMPUT~1\\AppData\\Local\\Temp\\rust_mozprofiletHoz3e\\search.json.mozlz4", (void 0)))
DevTools listening on ws://127.0.0.1:58313/devtools/browser/6bea380a-097a-4ac1-a755-29b99dc69b85
Port.onMessage event fired while context is inactive.
JavaScript warning: https://automationexercise.com/static/js/jquery.js, line 2: Using //@ to indicate sourceMappingURL pragmas is deprecated. Use //# instead
JavaScript warning: https://automationexercise.com/static/js/jquery.js, line 2: Using //@ to indicate sourceMappingURL pragmas is deprecated. Use //# instead
console.warn: LoginRecipes: "Falling back to a synchronous message for: https://automationexercise.com."
console.warn: LoginRecipes: "Falling back to a synchronous message for: https://automationexercise.com."
JavaScript warning: https://automationexercise.com/static/js/jquery.js, line 2: Using //@ to indicate sourceMappingURL pragmas is deprecated. Use //# instead
JavaScript warning: https://automationexercise.com/static/js/jquery.js, line 2: Using //@ to indicate sourceMappingURL pragmas is deprecated. Use //# instead
console.warn: LoginRecipes: "Falling back to a synchronous message for: https://automationexercise.com."
Port.onMessage event fired while context is inactive.
Port.onMessage event fired while context is inactive.
Port.onMessage event fired while context is inactive.
1680634240341	Marionette	INFO	Stopped listening on port 58320
Dynamically enable window occlusion 1
1680634540969	geckodriver	INFO	Listening on 127.0.0.1:58430
1680634544008	mozrunner::runner	INFO	Running command: "C:\\Program Files\\Mozilla Firefox\\firefox.exe" "--marionette" "--remote-debugging-port" "58431" "--remote-allow-hosts" "localhost" "-no-remote" "-profile" "C:\\Users\\COMPUT~1\\AppData\\Local\\Temp\\rust_mozprofileA80HQO"
console.warn: services.settings: Ignoring preference override of remote settings server
console.warn: services.settings: Allow by setting MOZ_REMOTE_SETTINGS_DEVTOOLS=1 in the environment
1680634544229	Marionette	INFO	Marionette enabled
Dynamically enable window occlusion 0
1680634544232	Marionette	INFO	Listening on port 58438
WebDriver BiDi listening on ws://127.0.0.1:58431
Read port: 58438
1680634544412	RemoteAgent	WARN	TLS certificate errors will be ignored for this session
console.warn: SearchSettings: "get: No settings file exists, new profile?" (new NotFoundError("Could not open the file at C:\\Users\\COMPUT~1\\AppData\\Local\\Temp\\rust_mozprofileA80HQO\\search.json.mozlz4", (void 0)))
DevTools listening on ws://127.0.0.1:58431/devtools/browser/17aed2f0-a412-41c2-b4f1-6558d2b520fb
Port.onMessage event fired while context is inactive.
JavaScript warning: https://automationexercise.com/static/js/jquery.js, line 2: Using //@ to indicate sourceMappingURL pragmas is deprecated. Use //# instead
JavaScript warning: https://automationexercise.com/static/js/jquery.js, line 2: Using //@ to indicate sourceMappingURL pragmas is deprecated. Use //# instead
console.warn: LoginRecipes: "Falling back to a synchronous message for: https://automationexercise.com."
console.warn: LoginRecipes: "Falling back to a synchronous message for: https://automationexercise.com."
JavaScript warning: https://automationexercise.com/static/js/jquery.js, line 2: Using //@ to indicate sourceMappingURL pragmas is deprecated. Use //# instead
JavaScript warning: https://automationexercise.com/static/js/jquery.js, line 2: Using //@ to indicate sourceMappingURL pragmas is deprecated. Use //# instead
console.warn: LoginRecipes: "Falling back to a synchronous message for: https://automationexercise.com."
1680634565901	Marionette	INFO	Stopped listening on port 58438
Dynamically enable window occlusion 1
1680636676071	geckodriver	INFO	Listening on 127.0.0.1:58862
1680636679091	mozrunner::runner	INFO	Running command: "C:\\Program Files\\Mozilla Firefox\\firefox.exe" "--marionette" "--remote-debugging-port" "58863" "--remote-allow-hosts" "localhost" "-no-remote" "-profile" "C:\\Users\\COMPUT~1\\AppData\\Local\\Temp\\rust_mozprofileOAE9dc"
console.warn: services.settings: Ignoring preference override of remote settings server
console.warn: services.settings: Allow by setting MOZ_REMOTE_SETTINGS_DEVTOOLS=1 in the environment
1680636679306	Marionette	INFO	Marionette enabled
Dynamically enable window occlusion 0
1680636679309	Marionette	INFO	Listening on port 58870
WebDriver BiDi listening on ws://127.0.0.1:58863
Read port: 58870
1680636679510	RemoteAgent	WARN	TLS certificate errors will be ignored for this session
console.warn: SearchSettings: "get: No settings file exists, new profile?" (new NotFoundError("Could not open the file at C:\\Users\\COMPUT~1\\AppData\\Local\\Temp\\rust_mozprofileOAE9dc\\search.json.mozlz4", (void 0)))
DevTools listening on ws://127.0.0.1:58863/devtools/browser/3bab6814-7f49-40dc-bc7f-4bbbf683e9ae
Port.onMessage event fired while context is inactive.
JavaScript warning: https://automationexercise.com/static/js/jquery.js, line 2: Using //@ to indicate sourceMappingURL pragmas is deprecated. Use //# instead
JavaScript warning: https://automationexercise.com/static/js/jquery.js, line 2: Using //@ to indicate sourceMappingURL pragmas is deprecated. Use //# instead
console.warn: LoginRecipes: "Falling back to a synchronous message for: https://automationexercise.com."
console.warn: LoginRecipes: "Falling back to a synchronous message for: https://automationexercise.com."
JavaScript warning: https://automationexercise.com/static/js/jquery.js, line 2: Using //@ to indicate sourceMappingURL pragmas is deprecated. Use //# instead
JavaScript warning: https://automationexercise.com/static/js/jquery.js, line 2: Using //@ to indicate sourceMappingURL pragmas is deprecated. Use //# instead
console.warn: LoginRecipes: "Falling back to a synchronous message for: https://automationexercise.com."
1680636707122	Marionette	INFO	Stopped listening on port 58870
Dynamically enable window occlusion 1
1680637235071	geckodriver	INFO	Listening on 127.0.0.1:58986
1680637238115	mozrunner::runner	INFO	Running command: "C:\\Program Files\\Mozilla Firefox\\firefox.exe" "--marionette" "--remote-debugging-port" "58987" "--remote-allow-hosts" "localhost" "-no-remote" "-profile" "C:\\Users\\COMPUT~1\\AppData\\Local\\Temp\\rust_mozprofile7Utwhr"
console.warn: services.settings: Ignoring preference override of remote settings server
console.warn: services.settings: Allow by setting MOZ_REMOTE_SETTINGS_DEVTOOLS=1 in the environment
1680637238329	Marionette	INFO	Marionette enabled
Dynamically enable window occlusion 0
1680637238333	Marionette	INFO	Listening on port 58994
WebDriver BiDi listening on ws://127.0.0.1:58987
Read port: 58994
1680637238544	RemoteAgent	WARN	TLS certificate errors will be ignored for this session
console.warn: SearchSettings: "get: No settings file exists, new profile?" (new NotFoundError("Could not open the file at C:\\Users\\COMPUT~1\\AppData\\Local\\Temp\\rust_mozprofile7Utwhr\\search.json.mozlz4", (void 0)))
DevTools listening on ws://127.0.0.1:58987/devtools/browser/b67e9078-334e-4394-9f12-ab5817aa7951
Port.onMessage event fired while context is inactive.
JavaScript warning: https://automationexercise.com/static/js/jquery.js, line 2: Using //@ to indicate sourceMappingURL pragmas is deprecated. Use //# instead
JavaScript warning: https://automationexercise.com/static/js/jquery.js, line 2: Using //@ to indicate sourceMappingURL pragmas is deprecated. Use //# instead
console.warn: LoginRecipes: "Falling back to a synchronous message for: https://automationexercise.com."
console.warn: LoginRecipes: "Falling back to a synchronous message for: https://automationexercise.com."
JavaScript warning: https://automationexercise.com/static/js/jquery.js, line 2: Using //@ to indicate sourceMappingURL pragmas is deprecated. Use //# instead
JavaScript warning: https://automationexercise.com/static/js/jquery.js, line 2: Using //@ to indicate sourceMappingURL pragmas is deprecated. Use //# instead
console.warn: LoginRecipes: "Falling back to a synchronous message for: https://automationexercise.com."
1680637295615	Marionette	INFO	Stopped listening on port 58994
Dynamically enable window occlusion 1
1681135972817	geckodriver	INFO	Listening on 127.0.0.1:52236
1681135975864	mozrunner::runner	INFO	Running command: "C:\\Program Files\\Mozilla Firefox\\firefox.exe" "--marionette" "--remote-debugging-port" "52237" "--remote-allow-hosts" "localhost" "-no-remote" "-profile" "C:\\Users\\COMPUT~1\\AppData\\Local\\Temp\\rust_mozprofilej1DKml"
console.warn: services.settings: Ignoring preference override of remote settings server
console.warn: services.settings: Allow by setting MOZ_REMOTE_SETTINGS_DEVTOOLS=1 in the environment
1681135976097	Marionette	INFO	Marionette enabled
Dynamically enable window occlusion 0
1681135976101	Marionette	INFO	Listening on port 52244
WebDriver BiDi listening on ws://127.0.0.1:52237
Read port: 52244
1681135976340	RemoteAgent	WARN	TLS certificate errors will be ignored for this session
console.warn: SearchSettings: "get: No settings file exists, new profile?" (new NotFoundError("Could not open the file at C:\\Users\\COMPUT~1\\AppData\\Local\\Temp\\rust_mozprofilej1DKml\\search.json.mozlz4", (void 0)))
DevTools listening on ws://127.0.0.1:52237/devtools/browser/d81ab890-ac84-40c6-bf85-99ba2f309bb9
JavaScript error: resource://gre/modules/ConduitsChild.jsm, line 68: InvalidStateError: JSWindowActorChild.sendAsyncMessage: JSWindowActorChild cannot send at the moment
1681135978979	Marionette	INFO	Stopped listening on port 52244
Dynamically enable window occlusion 1
JavaScript error: resource://gre/modules/UrlClassifierListManager.jsm, line 693: TypeError: this.tablesData[table] is undefined
1681136023230	geckodriver	INFO	Listening on 127.0.0.1:52282
1681136026290	mozrunner::runner	INFO	Running command: "C:\\Program Files\\Mozilla Firefox\\firefox.exe" "--marionette" "--remote-debugging-port" "52283" "--remote-allow-hosts" "localhost" "-no-remote" "-profile" "C:\\Users\\COMPUT~1\\AppData\\Local\\Temp\\rust_mozprofilec3dTsR"
console.warn: services.settings: Ignoring preference override of remote settings server
console.warn: services.settings: Allow by setting MOZ_REMOTE_SETTINGS_DEVTOOLS=1 in the environment
1681136026499	Marionette	INFO	Marionette enabled
Dynamically enable window occlusion 0
1681136026502	Marionette	INFO	Listening on port 52290
Read port: 52290
WebDriver BiDi listening on ws://127.0.0.1:52283
1681136026577	RemoteAgent	WARN	TLS certificate errors will be ignored for this session
console.warn: SearchSettings: "get: No settings file exists, new profile?" (new NotFoundError("Could not open the file at C:\\Users\\COMPUT~1\\AppData\\Local\\Temp\\rust_mozprofilec3dTsR\\search.json.mozlz4", (void 0)))
DevTools listening on ws://127.0.0.1:52283/devtools/browser/0f8acdb1-3876-42ab-91ed-366d3cda438c
Port.onMessage event fired while context is inactive.
JavaScript warning: https://automationexercise.com/static/js/jquery.js, line 2: Using //@ to indicate sourceMappingURL pragmas is deprecated. Use //# instead
JavaScript warning: https://automationexercise.com/static/js/jquery.js, line 2: Using //@ to indicate sourceMappingURL pragmas is deprecated. Use //# instead
console.warn: LoginRecipes: "Falling back to a synchronous message for: https://automationexercise.com."
console.warn: LoginRecipes: "Falling back to a synchronous message for: https://automationexercise.com."
JavaScript warning: https://automationexercise.com/static/js/jquery.js, line 2: Using //@ to indicate sourceMappingURL pragmas is deprecated. Use //# instead
JavaScript warning: https://automationexercise.com/static/js/jquery.js, line 2: Using //@ to indicate sourceMappingURL pragmas is deprecated. Use //# instead
1681136046453	Marionette	INFO	Stopped listening on port 52290
Dynamically enable window occlusion 1
1681136581351	geckodriver	INFO	Listening on 127.0.0.1:52433
1681136584376	mozrunner::runner	INFO	Running command: "C:\\Program Files\\Mozilla Firefox\\firefox.exe" "--marionette" "--remote-debugging-port" "52434" "--remote-allow-hosts" "localhost" "-no-remote" "-profile" "C:\\WINDOWS\\TEMP\\rust_mozprofile0yx9Ca"
console.warn: services.settings: Ignoring preference override of remote settings server
console.warn: services.settings: Allow by setting MOZ_REMOTE_SETTINGS_DEVTOOLS=1 in the environment
1681136584609	Marionette	INFO	Marionette enabled
Dynamically enable window occlusion 0
1681136584614	Marionette	INFO	Listening on port 52441
WebDriver BiDi listening on ws://127.0.0.1:52434
Read port: 52441
1681136584837	RemoteAgent	WARN	TLS certificate errors will be ignored for this session
[GFX1-]: Fallback WR to SW-WR + D3D11
[GFX1-]: Failed to initialize GPU process
[GFX1-]: [D3D11] failed to get compositor device.
[GFX1-]: Failed to initialize CompositorD3D11 for SWGL: FEATURE_FAILURE_D3D11_NO_DEVICE
[GFX1-]: RenderCompositorSWGL failed mapping default framebuffer, no dt
console.warn: SearchSettings: "get: No settings file exists, new profile?" (new NotFoundError("Could not open the file at C:\\WINDOWS\\TEMP\\rust_mozprofile0yx9Ca\\search.json.mozlz4", (void 0)))
DevTools listening on ws://127.0.0.1:52434/devtools/browser/4ed4e7f0-0f1e-45d7-b502-e15d78760ded
Port.onMessage event fired while context is inactive.
JavaScript warning: https://automationexercise.com/static/js/jquery.js, line 2: Using //@ to indicate sourceMappingURL pragmas is deprecated. Use //# instead
JavaScript warning: https://automationexercise.com/static/js/jquery.js, line 2: Using //@ to indicate sourceMappingURL pragmas is deprecated. Use //# instead
console.warn: LoginRecipes: "Falling back to a synchronous message for: https://automationexercise.com."
console.warn: LoginRecipes: "Falling back to a synchronous message for: https://automationexercise.com."
JavaScript warning: https://automationexercise.com/static/js/jquery.js, line 2: Using //@ to indicate sourceMappingURL pragmas is deprecated. Use //# instead
JavaScript warning: https://automationexercise.com/static/js/jquery.js, line 2: Using //@ to indicate sourceMappingURL pragmas is deprecated. Use //# instead
console.warn: LoginRecipes: "Falling back to a synchronous message for: https://automationexercise.com."
A content process crashed and MOZ_CRASHREPORTER_SHUTDOWN is set, shutting down
1681136614289	Marionette	INFO	Stopped listening on port 52441
1681138773430	geckodriver	INFO	Listening on 127.0.0.1:52913
1681138776465	mozrunner::runner	INFO	Running command: "C:\\Program Files\\Mozilla Firefox\\firefox.exe" "--marionette" "--remote-debugging-port" "52914" "--remote-allow-hosts" "localhost" "-no-remote" "-profile" "C:\\Users\\COMPUT~1\\AppData\\Local\\Temp\\rust_mozprofilexGXLqw"
console.warn: services.settings: Ignoring preference override of remote settings server
console.warn: services.settings: Allow by setting MOZ_REMOTE_SETTINGS_DEVTOOLS=1 in the environment
1681138776664	Marionette	INFO	Marionette enabled
Dynamically enable window occlusion 0
1681138776667	Marionette	INFO	Listening on port 52921
Read port: 52921
WebDriver BiDi listening on ws://127.0.0.1:52914
1681138776734	RemoteAgent	WARN	TLS certificate errors will be ignored for this session
console.warn: SearchSettings: "get: No settings file exists, new profile?" (new NotFoundError("Could not open the file at C:\\Users\\COMPUT~1\\AppData\\Local\\Temp\\rust_mozprofilexGXLqw\\search.json.mozlz4", (void 0)))
DevTools listening on ws://127.0.0.1:52914/devtools/browser/a2d4926f-1976-4f79-a2e7-94268406b675
1681138824543	geckodriver	INFO	Listening on 127.0.0.1:52965
1681138827571	mozrunner::runner	INFO	Running command: "C:\\Program Files\\Mozilla Firefox\\firefox.exe" "--marionette" "--remote-debugging-port" "52966" "--remote-allow-hosts" "localhost" "-no-remote" "-profile" "C:\\Users\\COMPUT~1\\AppData\\Local\\Temp\\rust_mozprofiledCRLLd"
console.warn: services.settings: Ignoring preference override of remote settings server
console.warn: services.settings: Allow by setting MOZ_REMOTE_SETTINGS_DEVTOOLS=1 in the environment
1681138827773	Marionette	INFO	Marionette enabled
Dynamically enable window occlusion 0
1681138827776	Marionette	INFO	Listening on port 52973
Read port: 52973
WebDriver BiDi listening on ws://127.0.0.1:52966
1681138827848	RemoteAgent	WARN	TLS certificate errors will be ignored for this session
console.warn: SearchSettings: "get: No settings file exists, new profile?" (new NotFoundError("Could not open the file at C:\\Users\\COMPUT~1\\AppData\\Local\\Temp\\rust_mozprofiledCRLLd\\search.json.mozlz4", (void 0)))
DevTools listening on ws://127.0.0.1:52966/devtools/browser/48ef06ce-1dfe-4c71-8a57-6d33cf6677dd
1681138850117	Marionette	INFO	Stopped listening on port 52973
Dynamically enable window occlusion 1
console.error: (new AbortError("IndexedDB: main/url-classifier-skip-urls list() IndexedDB:  execute() A request was aborted, for example through a call to IDBTransaction.abort.", "resource://services-settings/IDBHelpers.jsm", 18))
1681139717449	geckodriver	INFO	Listening on 127.0.0.1:53165
1681139720472	mozrunner::runner	INFO	Running command: "C:\\Program Files\\Mozilla Firefox\\firefox.exe" "--marionette" "--remote-debugging-port" "53166" "--remote-allow-hosts" "localhost" "-no-remote" "-profile" "C:\\Users\\COMPUT~1\\AppData\\Local\\Temp\\rust_mozprofilecgyYef"
console.warn: services.settings: Ignoring preference override of remote settings server
console.warn: services.settings: Allow by setting MOZ_REMOTE_SETTINGS_DEVTOOLS=1 in the environment
1681139720676	Marionette	INFO	Marionette enabled
Dynamically enable window occlusion 0
1681139720679	Marionette	INFO	Listening on port 53173
Read port: 53173
WebDriver BiDi listening on ws://127.0.0.1:53166
1681139720747	RemoteAgent	WARN	TLS certificate errors will be ignored for this session
console.warn: SearchSettings: "get: No settings file exists, new profile?" (new NotFoundError("Could not open the file at C:\\Users\\COMPUT~1\\AppData\\Local\\Temp\\rust_mozprofilecgyYef\\search.json.mozlz4", (void 0)))
DevTools listening on ws://127.0.0.1:53166/devtools/browser/63ff28ed-17f0-449f-a911-7e2d4fba4103
1681139728199	Marionette	INFO	Stopped listening on port 53173
Dynamically enable window occlusion 1
console.error: (new AbortError("IndexedDB: main/url-classifier-skip-urls list() IndexedDB:  execute() A request was aborted, for example through a call to IDBTransaction.abort.", "resource://services-settings/IDBHelpers.jsm", 18))
1681148931948	geckodriver	INFO	Listening on 127.0.0.1:54399
1681148935000	mozrunner::runner	INFO	Running command: "C:\\Program Files\\Mozilla Firefox\\firefox.exe" "--marionette" "--remote-debugging-port" "54400" "--remote-allow-hosts" "localhost" "-no-remote" "-profile" "C:\\Users\\COMPUT~1\\AppData\\Local\\Temp\\rust_mozprofileOUfXan"
console.warn: services.settings: Ignoring preference override of remote settings server
console.warn: services.settings: Allow by setting MOZ_REMOTE_SETTINGS_DEVTOOLS=1 in the environment
1681148935203	Marionette	INFO	Marionette enabled
Dynamically enable window occlusion 0
1681148935206	Marionette	INFO	Listening on port 54408
Read port: 54408
WebDriver BiDi listening on ws://127.0.0.1:54400
1681148935276	RemoteAgent	WARN	TLS certificate errors will be ignored for this session
console.warn: SearchSettings: "get: No settings file exists, new profile?" (new NotFoundError("Could not open the file at C:\\Users\\COMPUT~1\\AppData\\Local\\Temp\\rust_mozprofileOUfXan\\search.json.mozlz4", (void 0)))
DevTools listening on ws://127.0.0.1:54400/devtools/browser/b98236e1-0792-4148-8a79-8d6aaea68c32
Port.onMessage event fired while context is inactive.
JavaScript warning: https://automationexercise.com/static/js/jquery.js, line 2: Using //@ to indicate sourceMappingURL pragmas is deprecated. Use //# instead
JavaScript warning: https://automationexercise.com/static/js/jquery.js, line 2: Using //@ to indicate sourceMappingURL pragmas is deprecated. Use //# instead
console.warn: LoginRecipes: "Falling back to a synchronous message for: https://automationexercise.com."
console.warn: LoginRecipes: "Falling back to a synchronous message for: https://automationexercise.com."
JavaScript warning: https://automationexercise.com/static/js/jquery.js, line 2: Using //@ to indicate sourceMappingURL pragmas is deprecated. Use //# instead
JavaScript warning: https://automationexercise.com/static/js/jquery.js, line 2: Using //@ to indicate sourceMappingURL pragmas is deprecated. Use //# instead
console.warn: LoginRecipes: "Falling back to a synchronous message for: https://automationexercise.com."
Port.onMessage event fired while context is inactive.
Port.onMessage event fired while context is inactive.
Port.onMessage event fired while context is inactive.
Port.onMessage event fired while context is inactive.
Port.onMessage event fired while context is inactive.
Port.onMessage event fired while context is inactive.
Port.onMessage event fired while context is inactive.
Port.onMessage event fired while context is inactive.
Port.onMessage event fired while context is inactive.
Port.onMessage event fired while context is inactive.
te-allow-hosts" "localhost" "-no-remote" "-profile" "C:\\Users\\COMPUT~1\\AppData\\Local\\Temp\\rust_mozprofilertByeT"
console.warn: services.settings: Ignoring preference override of remote settings server
console.warn: services.settings: Allow by setting MOZ_REMOTE_SETTINGS_DEVTOOLS=1 in the environment
1681149262326	Marionette	INFO	Marionette enabled
Dynamically enable window occlusion 0
1681149262329	Marionette	INFO	Listening on port 54516
Read port: 54516
WebDriver BiDi listening on ws://127.0.0.1:54509
1681149262400	RemoteAgent	WARN	TLS certificate errors will be ignored for this session
console.warn: SearchSettings: "get: No settings file exists, new profile?" (new NotFoundError("Could not open the file at C:\\Users\\COMPUT~1\\AppData\\Local\\Temp\\rust_mozprofilertByeT\\search.json.mozlz4", (void 0)))
DevTools listening on ws://127.0.0.1:54509/devtools/browser/a20dc844-838c-444a-bb49-f6d6c3a5c61f
Port.onMessage event fired while context is inactive.
JavaScript warning: https://automationexercise.com/static/js/jquery.js, line 2: Using //@ to indicate sourceMappingURL pragmas is deprecated. Use //# instead
JavaScript warning: https://automationexercise.com/static/js/jquery.js, line 2: Using //@ to indicate sourceMappingURL pragmas is deprecated. Use //# instead
console.warn: LoginRecipes: "Falling back to a synchronous message for: https://automationexercise.com."
console.warn: LoginRecipes: "Falling back to a synchronous message for: https://automationexercise.com."
JavaScript warning: https://automationexercise.com/static/js/jquery.js, line 2: Using //@ to indicate sourceMappingURL pragmas is deprecated. Use //# instead
JavaScript warning: https://automationexercise.com/static/js/jquery.js, line 2: Using //@ to indicate sourceMappingURL pragmas is deprecated. Use //# instead
console.warn: LoginRecipes: "Falling back to a synchronous message for: https://automationexercise.com."
1681149322037	geckodriver	INFO	Listening on 127.0.0.1:54558
1681149325092	mozrunner::runner	INFO	Running command: "C:\\Program Files\\Mozilla Firefox\\firefox.exe" "--marionette" "--remote-debugging-port" "54559" "--remote-allow-hosts" "localhost" "-no-remote" "-profile" "C:\\Users\\COMPUT~1\\AppData\\Local\\Temp\\rust_mozprofileCxUOEl"
console.warn: services.settings: Ignoring preference override of remote settings server
console.warn: services.settings: Allow by setting MOZ_REMOTE_SETTINGS_DEVTOOLS=1 in the environment
1681149325292	Marionette	INFO	Marionette enabled
Dynamically enable window occlusion 0
1681149325295	Marionette	INFO	Listening on port 54570
Read port: 54570
WebDriver BiDi listening on ws://127.0.0.1:54559
1681149325367	RemoteAgent	WARN	TLS certificate errors will be ignored for this session
console.warn: SearchSettings: "get: No settings file exists, new profile?" (new NotFoundError("Could not open the file at C:\\Users\\COMPUT~1\\AppData\\Local\\Temp\\rust_mozprofileCxUOEl\\search.json.mozlz4", (void 0)))
DevTools listening on ws://127.0.0.1:54559/devtools/browser/3c446e1f-04e2-4da5-8894-428b764a8ecd
Port.onMessage event fired while context is inactive.
JavaScript warning: https://automationexercise.com/static/js/jquery.js, line 2: Using //@ to indicate sourceMappingURL pragmas is deprecated. Use //# instead
JavaScript warning: https://automationexercise.com/static/js/jquery.js, line 2: Using //@ to indicate sourceMappingURL pragmas is deprecated. Use //# instead
console.warn: LoginRecipes: "Falling back to a synchronous message for: https://automationexercise.com."
console.warn: LoginRecipes: "Falling back to a synchronous message for: https://automationexercise.com."
JavaScript warning: https://automationexercise.com/static/js/jquery.js, line 2: Using //@ to indicate sourceMappingURL pragmas is deprecated. Use //# instead
JavaScript warning: https://automationexercise.com/static/js/jquery.js, line 2: Using //@ to indicate sourceMappingURL pragmas is deprecated. Use //# instead
