1680184246075	geckodriver	INFO	Listening on 127.0.0.1:50944
1680184249108	mozrunner::runner	INFO	Running command: "C:\\Program Files\\Mozilla Firefox\\firefox.exe" "--marionette" "--user-data-dir=D:/Selenium Projects" "--r ... "--remote-allow-hosts" "localhost" "-no-remote" "-profile" "C:\\Users\\COMPUT~1\\AppData\\Local\\Temp\\rust_mozprofilexvQIfr"
console.warn: services.settings: Ignoring preference override of remote settings server
console.warn: services.settings: Allow by setting MOZ_REMOTE_SETTINGS_DEVTOOLS=1 in the environment
1680184249352	Marionette	INFO	Marionette enabled
Dynamically enable window occlusion 0
1680184249356	Marionette	INFO	Listening on port 50952
console.error: "Warning: unrecognized command line flag -user-data-dir\n"
WebDriver BiDi listening on ws://127.0.0.1:50945
Read port: 50952
1680184249589	RemoteAgent	WARN	TLS certificate errors will be ignored for this session
console.warn: SearchSettings: "get: No settings file exists, new profile?" (new NotFoundError("Could not open the file at C:\\Users\\COMPUT~1\\AppData\\Local\\Temp\\rust_mozprofilexvQIfr\\search.json.mozlz4", (void 0)))
DevTools listening on ws://127.0.0.1:50945/devtools/browser/29b1022e-ef28-4297-ba5e-a0d32145af87
Port.onMessage event fired while context is inactive.
JavaScript warning: https://automationexercise.com/static/js/jquery.js, line 2: Using //@ to indicate sourceMappingURL pragmas is deprecated. Use //# instead
JavaScript warning: https://automationexercise.com/static/js/jquery.js, line 2: Using //@ to indicate sourceMappingURL pragmas is deprecated. Use //# instead
console.warn: LoginRecipes: "Falling back to a synchronous message for: https://automationexercise.com."
console.warn: LoginRecipes: "Falling back to a synchronous message for: https://automationexercise.com."
JavaScript warning: https://automationexercise.com/static/js/jquery.js, line 2: Using //@ to indicate sourceMappingURL pragmas is deprecated. Use //# instead
JavaScript warning: https://automationexercise.com/static/js/jquery.js, line 2: Using //@ to indicate sourceMappingURL pragmas is deprecated. Use //# instead
JavaScript warning: https://automationexercise.com/static/js/jquery.js, line 2: Using //@ to indicate sourceMappingURL pragmas is deprecated. Use //# instead
JavaScript warning: https://automationexercise.com/static/js/jquery.js, line 2: Using //@ to indicate sourceMappingURL pragmas is deprecated. Use //# instead
JavaScript warning: https://automationexercise.com/static/js/jquery.js, line 2: Using //@ to indicate sourceMappingURL pragmas is deprecated. Use //# instead
JavaScript warning: https://automationexercise.com/static/js/jquery.js, line 2: Using //@ to indicate sourceMappingURL pragmas is deprecated. Use //# instead
JavaScript warning: https://automationexercise.com/static/js/jquery.js, line 2: Using //@ to indicate sourceMappingURL pragmas is deprecated. Use //# instead
1680184264821	Marionette	INFO	Stopped listening on port 50952
Dynamically enable window occlusion 1
1680184486375	geckodriver	INFO	Listening on 127.0.0.1:51080
1680184489415	mozrunner::runner	INFO	Running command: "C:\\Program Files\\Mozilla Firefox\\firefox.exe" "--marionette" "--user-data-dir=D:/Selenium Projects" "--r ... "--remote-allow-hosts" "localhost" "-no-remote" "-profile" "C:\\Users\\COMPUT~1\\AppData\\Local\\Temp\\rust_mozprofileVvx1jN"
console.warn: services.settings: Ignoring preference override of remote settings server
console.warn: services.settings: Allow by setting MOZ_REMOTE_SETTINGS_DEVTOOLS=1 in the environment
1680184489637	Marionette	INFO	Marionette enabled
Dynamically enable window occlusion 0
1680184489640	Marionette	INFO	Listening on port 51088
console.error: "Warning: unrecognized command line flag -user-data-dir\n"
WebDriver BiDi listening on ws://127.0.0.1:51081
Read port: 51088
1680184489832	RemoteAgent	WARN	TLS certificate errors will be ignored for this session
console.warn: SearchSettings: "get: No settings file exists, new profile?" (new NotFoundError("Could not open the file at C:\\Users\\COMPUT~1\\AppData\\Local\\Temp\\rust_mozprofileVvx1jN\\search.json.mozlz4", (void 0)))
DevTools listening on ws://127.0.0.1:51081/devtools/browser/8ceb7028-dae5-4cad-ba5d-c81661f82abf
Port.onMessage event fired while context is inactive.
JavaScript warning: https://automationexercise.com/static/js/jquery.js, line 2: Using //@ to indicate sourceMappingURL pragmas is deprecated. Use //# instead
JavaScript warning: https://automationexercise.com/static/js/jquery.js, line 2: Using //@ to indicate sourceMappingURL pragmas is deprecated. Use //# instead
console.warn: LoginRecipes: "Falling back to a synchronous message for: https://automationexercise.com."
console.warn: LoginRecipes: "Falling back to a synchronous message for: https://automationexercise.com."
JavaScript warning: https://automationexercise.com/static/js/jquery.js, line 2: Using //@ to indicate sourceMappingURL pragmas is deprecated. Use //# instead
JavaScript warning: https://automationexercise.com/static/js/jquery.js, line 2: Using //@ to indicate sourceMappingURL pragmas is deprecated. Use //# instead
JavaScript warning: https://automationexercise.com/static/js/jquery.js, line 2: Using //@ to indicate sourceMappingURL pragmas is deprecated. Use //# instead
JavaScript warning: https://automationexercise.com/static/js/jquery.js, line 2: Using //@ to indicate sourceMappingURL pragmas is deprecated. Use //# instead
JavaScript warning: https://automationexercise.com/static/js/jquery.js, line 2: Using //@ to indicate sourceMappingURL pragmas is deprecated. Use //# instead
JavaScript warning: https://automationexercise.com/static/js/jquery.js, line 2: Using //@ to indicate sourceMappingURL pragmas is deprecated. Use //# instead
JavaScript warning: https://automationexercise.com/static/js/jquery.js, line 2: Using //@ to indicate sourceMappingURL pragmas is deprecated. Use //# instead
1680184504175	Marionette	INFO	Stopped listening on port 51088
Dynamically enable window occlusion 1
1680184900884	geckodriver	INFO	Listening on 127.0.0.1:51221
1680184903911	mozrunner::runner	INFO	Running command: "C:\\Program Files\\Mozilla Firefox\\firefox.exe" "--marionette" "--user-data-dir=D:/Selenium Projects" "--r ... "--remote-allow-hosts" "localhost" "-no-remote" "-profile" "C:\\Users\\COMPUT~1\\AppData\\Local\\Temp\\rust_mozprofileDxNMTd"
console.warn: services.settings: Ignoring preference override of remote settings server
console.warn: services.settings: Allow by setting MOZ_REMOTE_SETTINGS_DEVTOOLS=1 in the environment
1680184904132	Marionette	INFO	Marionette enabled
Dynamically enable window occlusion 0
1680184904135	Marionette	INFO	Listening on port 51229
console.error: "Warning: unrecognized command line flag -user-data-dir\n"
WebDriver BiDi listening on ws://127.0.0.1:51222
Read port: 51229
1680184904323	RemoteAgent	WARN	TLS certificate errors will be ignored for this session
console.warn: SearchSettings: "get: No settings file exists, new profile?" (new NotFoundError("Could not open the file at C:\\Users\\COMPUT~1\\AppData\\Local\\Temp\\rust_mozprofileDxNMTd\\search.json.mozlz4", (void 0)))
DevTools listening on ws://127.0.0.1:51222/devtools/browser/d36dc5fb-393d-4f19-8208-1ec3210d0a89
Port.onMessage event fired while context is inactive.
JavaScript warning: https://automationexercise.com/static/js/jquery.js, line 2: Using //@ to indicate sourceMappingURL pragmas is deprecated. Use //# instead
JavaScript warning: https://automationexercise.com/static/js/jquery.js, line 2: Using //@ to indicate sourceMappingURL pragmas is deprecated. Use //# instead
console.warn: LoginRecipes: "Falling back to a synchronous message for: https://automationexercise.com."
console.warn: LoginRecipes: "Falling back to a synchronous message for: https://automationexercise.com."
JavaScript warning: https://automationexercise.com/static/js/jquery.js, line 2: Using //@ to indicate sourceMappingURL pragmas is deprecated. Use //# instead
JavaScript warning: https://automationexercise.com/static/js/jquery.js, line 2: Using //@ to indicate sourceMappingURL pragmas is deprecated. Use //# instead
JavaScript warning: https://automationexercise.com/static/js/jquery.js, line 2: Using //@ to indicate sourceMappingURL pragmas is deprecated. Use //# instead
JavaScript warning: https://automationexercise.com/static/js/jquery.js, line 2: Using //@ to indicate sourceMappingURL pragmas is deprecated. Use //# instead
JavaScript warning: https://automationexercise.com/static/js/jquery.js, line 2: Using //@ to indicate sourceMappingURL pragmas is deprecated. Use //# instead
JavaScript warning: https://automationexercise.com/static/js/jquery.js, line 2: Using //@ to indicate sourceMappingURL pragmas is deprecated. Use //# instead
JavaScript warning: https://automationexercise.com/static/js/jquery.js, line 2: Using //@ to indicate sourceMappingURL pragmas is deprecated. Use //# instead
1680184919833	Marionette	INFO	Stopped listening on port 51229
Dynamically enable window occlusion 1
1680185145842	geckodriver	INFO	Listening on 127.0.0.1:51287
1680185148880	mozrunner::runner	INFO	Running command: "C:\\Program Files\\Mozilla Firefox\\firefox.exe" "--marionette" "--user-data-dir=D:/Selenium Projects" "--r ... "--remote-allow-hosts" "localhost" "-no-remote" "-profile" "C:\\Users\\COMPUT~1\\AppData\\Local\\Temp\\rust_mozprofileeIZ9mQ"
console.warn: services.settings: Ignoring preference override of remote settings server
console.warn: services.settings: Allow by setting MOZ_REMOTE_SETTINGS_DEVTOOLS=1 in the environment
1680185149121	Marionette	INFO	Marionette enabled
Dynamically enable window occlusion 0
1680185149125	Marionette	INFO	Listening on port 51295
console.error: "Warning: unrecognized command line flag -user-data-dir\n"
WebDriver BiDi listening on ws://127.0.0.1:51288
Read port: 51295
1680185149378	RemoteAgent	WARN	TLS certificate errors will be ignored for this session
console.warn: SearchSettings: "get: No settings file exists, new profile?" (new NotFoundError("Could not open the file at C:\\Users\\COMPUT~1\\AppData\\Local\\Temp\\rust_mozprofileeIZ9mQ\\search.json.mozlz4", (void 0)))
DevTools listening on ws://127.0.0.1:51288/devtools/browser/6b8f8f70-20bd-4718-ab82-d60395ae1957
Port.onMessage event fired while context is inactive.
JavaScript warning: https://automationexercise.com/static/js/jquery.js, line 2: Using //@ to indicate sourceMappingURL pragmas is deprecated. Use //# instead
JavaScript warning: https://automationexercise.com/static/js/jquery.js, line 2: Using //@ to indicate sourceMappingURL pragmas is deprecated. Use //# instead
console.warn: LoginRecipes: "Falling back to a synchronous message for: https://automationexercise.com."
console.warn: LoginRecipes: "Falling back to a synchronous message for: https://automationexercise.com."
JavaScript warning: https://automationexercise.com/static/js/jquery.js, line 2: Using //@ to indicate sourceMappingURL pragmas is deprecated. Use //# instead
JavaScript warning: https://automationexercise.com/static/js/jquery.js, line 2: Using //@ to indicate sourceMappingURL pragmas is deprecated. Use //# instead
JavaScript warning: https://automationexercise.com/static/js/jquery.js, line 2: Using //@ to indicate sourceMappingURL pragmas is deprecated. Use //# instead
JavaScript warning: https://automationexercise.com/static/js/jquery.js, line 2: Using //@ to indicate sourceMappingURL pragmas is deprecated. Use //# instead
JavaScript warning: https://automationexercise.com/static/js/jquery.js, line 2: Using //@ to indicate sourceMappingURL pragmas is deprecated. Use //# instead
JavaScript warning: https://automationexercise.com/static/js/jquery.js, line 2: Using //@ to indicate sourceMappingURL pragmas is deprecated. Use //# instead
JavaScript warning: https://automationexercise.com/static/js/jquery.js, line 2: Using //@ to indicate sourceMappingURL pragmas is deprecated. Use //# instead
1680185165375	Marionette	INFO	Stopped listening on port 51295
Dynamically enable window occlusion 1
1680185200375	geckodriver	INFO	Listening on 127.0.0.1:51338
1680185203398	mozrunner::runner	INFO	Running command: "C:\\Program Files\\Mozilla Firefox\\firefox.exe" "--marionette" "--user-data-dir=D:/Selenium Projects" "--r ... "--remote-allow-hosts" "localhost" "-no-remote" "-profile" "C:\\Users\\COMPUT~1\\AppData\\Local\\Temp\\rust_mozprofilesozaPI"
console.warn: services.settings: Ignoring preference override of remote settings server
console.warn: services.settings: Allow by setting MOZ_REMOTE_SETTINGS_DEVTOOLS=1 in the environment
1680185203626	Marionette	INFO	Marionette enabled
Dynamically enable window occlusion 0
1680185203629	Marionette	INFO	Listening on port 51346
console.error: "Warning: unrecognized command line flag -user-data-dir\n"
WebDriver BiDi listening on ws://127.0.0.1:51339
Read port: 51346
1680185203811	RemoteAgent	WARN	TLS certificate errors will be ignored for this session
console.warn: SearchSettings: "get: No settings file exists, new profile?" (new NotFoundError("Could not open the file at C:\\Users\\COMPUT~1\\AppData\\Local\\Temp\\rust_mozprofilesozaPI\\search.json.mozlz4", (void 0)))
DevTools listening on ws://127.0.0.1:51339/devtools/browser/be74d9ae-fa65-4ec7-b6b9-8ddd0d7dc94c
Port.onMessage event fired while context is inactive.
JavaScript warning: https://automationexercise.com/static/js/jquery.js, line 2: Using //@ to indicate sourceMappingURL pragmas is deprecated. Use //# instead
JavaScript warning: https://automationexercise.com/static/js/jquery.js, line 2: Using //@ to indicate sourceMappingURL pragmas is deprecated. Use //# instead
console.warn: LoginRecipes: "Falling back to a synchronous message for: https://automationexercise.com."
console.warn: LoginRecipes: "Falling back to a synchronous message for: https://automationexercise.com."
JavaScript warning: https://automationexercise.com/static/js/jquery.js, line 2: Using //@ to indicate sourceMappingURL pragmas is deprecated. Use //# instead
JavaScript warning: https://automationexercise.com/static/js/jquery.js, line 2: Using //@ to indicate sourceMappingURL pragmas is deprecated. Use //# instead
JavaScript warning: https://automationexercise.com/static/js/jquery.js, line 2: Using //@ to indicate sourceMappingURL pragmas is deprecated. Use //# instead
JavaScript warning: https://automationexercise.com/static/js/jquery.js, line 2: Using //@ to indicate sourceMappingURL pragmas is deprecated. Use //# instead
JavaScript warning: https://automationexercise.com/static/js/jquery.js, line 2: Using //@ to indicate sourceMappingURL pragmas is deprecated. Use //# instead
JavaScript warning: https://automationexercise.com/static/js/jquery.js, line 2: Using //@ to indicate sourceMappingURL pragmas is deprecated. Use //# instead
JavaScript warning: https://automationexercise.com/static/js/jquery.js, line 2: Using //@ to indicate sourceMappingURL pragmas is deprecated. Use //# instead
1680185220156	Marionette	INFO	Stopped listening on port 51346
Dynamically enable window occlusion 1
1680185255186	geckodriver	INFO	Listening on 127.0.0.1:51394
1680185258241	mozrunner::runner	INFO	Running command: "C:\\Program Files\\Mozilla Firefox\\firefox.exe" "--marionette" "--user-data-dir=D:/Selenium Projects" "--r ... "--remote-allow-hosts" "localhost" "-no-remote" "-profile" "C:\\Users\\COMPUT~1\\AppData\\Local\\Temp\\rust_mozprofilehFG5QF"
console.warn: services.settings: Ignoring preference override of remote settings server
console.warn: services.settings: Allow by setting MOZ_REMOTE_SETTINGS_DEVTOOLS=1 in the environment
1680185258461	Marionette	INFO	Marionette enabled
Dynamically enable window occlusion 0
1680185258464	Marionette	INFO	Listening on port 51402
console.error: "Warning: unrecognized command line flag -user-data-dir\n"
WebDriver BiDi listening on ws://127.0.0.1:51395
Read port: 51402
1680185258669	RemoteAgent	WARN	TLS certificate errors will be ignored for this session
console.warn: SearchSettings: "get: No settings file exists, new profile?" (new NotFoundError("Could not open the file at C:\\Users\\COMPUT~1\\AppData\\Local\\Temp\\rust_mozprofilehFG5QF\\search.json.mozlz4", (void 0)))
DevTools listening on ws://127.0.0.1:51395/devtools/browser/0fef3237-bc8c-493e-9e7d-b93445561130
Port.onMessage event fired while context is inactive.
JavaScript warning: https://automationexercise.com/static/js/jquery.js, line 2: Using //@ to indicate sourceMappingURL pragmas is deprecated. Use //# instead
JavaScript warning: https://automationexercise.com/static/js/jquery.js, line 2: Using //@ to indicate sourceMappingURL pragmas is deprecated. Use //# instead
console.warn: LoginRecipes: "Falling back to a synchronous message for: https://automationexercise.com."
console.warn: LoginRecipes: "Falling back to a synchronous message for: https://automationexercise.com."
JavaScript warning: https://automationexercise.com/static/js/jquery.js, line 2: Using //@ to indicate sourceMappingURL pragmas is deprecated. Use //# instead
JavaScript warning: https://automationexercise.com/static/js/jquery.js, line 2: Using //@ to indicate sourceMappingURL pragmas is deprecated. Use //# instead
JavaScript warning: https://automationexercise.com/static/js/jquery.js, line 2: Using //@ to indicate sourceMappingURL pragmas is deprecated. Use //# instead
JavaScript warning: https://automationexercise.com/static/js/jquery.js, line 2: Using //@ to indicate sourceMappingURL pragmas is deprecated. Use //# instead
JavaScript warning: https://automationexercise.com/static/js/jquery.js, line 2: Using //@ to indicate sourceMappingURL pragmas is deprecated. Use //# instead
JavaScript warning: https://automationexercise.com/static/js/jquery.js, line 2: Using //@ to indicate sourceMappingURL pragmas is deprecated. Use //# instead
JavaScript warning: https://automationexercise.com/static/js/jquery.js, line 2: Using //@ to indicate sourceMappingURL pragmas is deprecated. Use //# instead
1680185274316	Marionette	INFO	Stopped listening on port 51402
Dynamically enable window occlusion 1
1680185293680	geckodriver	INFO	Listening on 127.0.0.1:51451
1680185296727	mozrunner::runner	INFO	Running command: "C:\\Program Files\\Mozilla Firefox\\firefox.exe" "--marionette" "--user-data-dir=D:/Selenium Projects" "--r ... "--remote-allow-hosts" "localhost" "-no-remote" "-profile" "C:\\Users\\COMPUT~1\\AppData\\Local\\Temp\\rust_mozprofileoS0sri"
console.warn: services.settings: Ignoring preference override of remote settings server
console.warn: services.settings: Allow by setting MOZ_REMOTE_SETTINGS_DEVTOOLS=1 in the environment
1680185296955	Marionette	INFO	Marionette enabled
Dynamically enable window occlusion 0
1680185296958	Marionette	INFO	Listening on port 51459
console.error: "Warning: unrecognized command line flag -user-data-dir\n"
WebDriver BiDi listening on ws://127.0.0.1:51452
Read port: 51459
1680185297161	RemoteAgent	WARN	TLS certificate errors will be ignored for this session
console.warn: SearchSettings: "get: No settings file exists, new profile?" (new NotFoundError("Could not open the file at C:\\Users\\COMPUT~1\\AppData\\Local\\Temp\\rust_mozprofileoS0sri\\search.json.mozlz4", (void 0)))
DevTools listening on ws://127.0.0.1:51452/devtools/browser/f638e51d-9d09-4f3f-af51-2326141878df
Port.onMessage event fired while context is inactive.
JavaScript warning: https://automationexercise.com/static/js/jquery.js, line 2: Using //@ to indicate sourceMappingURL pragmas is deprecated. Use //# instead
JavaScript warning: https://automationexercise.com/static/js/jquery.js, line 2: Using //@ to indicate sourceMappingURL pragmas is deprecated. Use //# instead
console.warn: LoginRecipes: "Falling back to a synchronous message for: https://automationexercise.com."
console.warn: LoginRecipes: "Falling back to a synchronous message for: https://automationexercise.com."
JavaScript warning: https://automationexercise.com/static/js/jquery.js, line 2: Using //@ to indicate sourceMappingURL pragmas is deprecated. Use //# instead
JavaScript warning: https://automationexercise.com/static/js/jquery.js, line 2: Using //@ to indicate sourceMappingURL pragmas is deprecated. Use //# instead
JavaScript warning: https://automationexercise.com/static/js/jquery.js, line 2: Using //@ to indicate sourceMappingURL pragmas is deprecated. Use //# instead
JavaScript warning: https://automationexercise.com/static/js/jquery.js, line 2: Using //@ to indicate sourceMappingURL pragmas is deprecated. Use //# instead
JavaScript warning: https://automationexercise.com/static/js/jquery.js, line 2: Using //@ to indicate sourceMappingURL pragmas is deprecated. Use //# instead
JavaScript warning: https://automationexercise.com/static/js/jquery.js, line 2: Using //@ to indicate sourceMappingURL pragmas is deprecated. Use //# instead
JavaScript warning: https://automationexercise.com/static/js/jquery.js, line 2: Using //@ to indicate sourceMappingURL pragmas is deprecated. Use //# instead
1680185312193	Marionette	INFO	Stopped listening on port 51459
Dynamically enable window occlusion 1
1680185628122	geckodriver	INFO	Listening on 127.0.0.1:51542
1680185631176	mozrunner::runner	INFO	Running command: "C:\\Program Files\\Mozilla Firefox\\firefox.exe" "--marionette" "--user-data-dir=D:/Selenium Projects" "--r ... "--remote-allow-hosts" "localhost" "-no-remote" "-profile" "C:\\Users\\COMPUT~1\\AppData\\Local\\Temp\\rust_mozprofileDV103N"
console.warn: services.settings: Ignoring preference override of remote settings server
console.warn: services.settings: Allow by setting MOZ_REMOTE_SETTINGS_DEVTOOLS=1 in the environment
1680185631390	Marionette	INFO	Marionette enabled
Dynamically enable window occlusion 0
1680185631393	Marionette	INFO	Listening on port 51550
Read port: 51550
console.error: "Warning: unrecognized command line flag -user-data-dir\n"
WebDriver BiDi listening on ws://127.0.0.1:51543
1680185631460	RemoteAgent	WARN	TLS certificate errors will be ignored for this session
console.warn: SearchSettings: "get: No settings file exists, new profile?" (new NotFoundError("Could not open the file at C:\\Users\\COMPUT~1\\AppData\\Local\\Temp\\rust_mozprofileDV103N\\search.json.mozlz4", (void 0)))
DevTools listening on ws://127.0.0.1:51543/devtools/browser/5649f224-d15e-4f78-a5e7-c7b9d8003ce4
Port.onMessage event fired while context is inactive.
JavaScript warning: https://automationexercise.com/static/js/jquery.js, line 2: Using //@ to indicate sourceMappingURL pragmas is deprecated. Use //# instead
JavaScript warning: https://automationexercise.com/static/js/jquery.js, line 2: Using //@ to indicate sourceMappingURL pragmas is deprecated. Use //# instead
console.warn: LoginRecipes: "Falling back to a synchronous message for: https://automationexercise.com."
console.warn: LoginRecipes: "Falling back to a synchronous message for: https://automationexercise.com."
JavaScript warning: https://automationexercise.com/static/js/jquery.js, line 2: Using //@ to indicate sourceMappingURL pragmas is deprecated. Use //# instead
JavaScript warning: https://automationexercise.com/static/js/jquery.js, line 2: Using //@ to indicate sourceMappingURL pragmas is deprecated. Use //# instead
JavaScript warning: https://automationexercise.com/static/js/jquery.js, line 2: Using //@ to indicate sourceMappingURL pragmas is deprecated. Use //# instead
JavaScript warning: https://automationexercise.com/static/js/jquery.js, line 2: Using //@ to indicate sourceMappingURL pragmas is deprecated. Use //# instead
JavaScript warning: https://automationexercise.com/static/js/jquery.js, line 2: Using //@ to indicate sourceMappingURL pragmas is deprecated. Use //# instead
JavaScript warning: https://automationexercise.com/static/js/jquery.js, line 2: Using //@ to indicate sourceMappingURL pragmas is deprecated. Use //# instead
JavaScript warning: https://automationexercise.com/static/js/jquery.js, line 2: Using //@ to indicate sourceMappingURL pragmas is deprecated. Use //# instead
1680185645734	Marionette	INFO	Stopped listening on port 51550
Dynamically enable window occlusion 1
